c:\users\offic\onedrive\documentos\barycentric\barycentric\barycentric.dir\debug\vc143.pdb
c:\users\offic\onedrive\documentos\barycentric\barycentric\barycentric.dir\debug\barycentric.obj
c:\users\offic\onedrive\documentos\barycentric\barycentric\barycentric.dir\debug\stb_image.obj
c:\users\offic\onedrive\documentos\barycentric\barycentric\barycentric.dir\debug\glad.obj
c:\users\offic\onedrive\documentos\barycentric\barycentric\cmakefiles\generate.stamp
c:\users\offic\onedrive\documentos\barycentric\barycentric\debug\barycentric.exe
c:\users\offic\onedrive\documentos\barycentric\barycentric\debug\barycentric.pdb
d:\mvga\barycentric - windows\barycentric.dir\debug\barycentric.ilk
d:\mvga\barycentric - windows\barycentric.dir\debug\barycentric.obj
d:\mvga\barycentric - windows\barycentric.dir\debug\glad.obj
d:\mvga\barycentric - windows\barycentric.dir\debug\stb_image.obj
d:\mvga\barycentric - windows\barycentric.dir\debug\vc143.pdb
d:\mvga\barycentric - windows\barycentric.dir\debug\barycentric.tlog\cl.command.1.tlog
d:\mvga\barycentric - windows\barycentric.dir\debug\barycentric.tlog\cl.items.tlog
d:\mvga\barycentric - windows\barycentric.dir\debug\barycentric.tlog\cl.read.1.tlog
d:\mvga\barycentric - windows\barycentric.dir\debug\barycentric.tlog\cl.write.1.tlog
d:\mvga\barycentric - windows\barycentric.dir\debug\barycentric.tlog\custombuild.command.1.tlog
d:\mvga\barycentric - windows\barycentric.dir\debug\barycentric.tlog\custombuild.read.1.tlog
d:\mvga\barycentric - windows\barycentric.dir\debug\barycentric.tlog\custombuild.write.1.tlog
d:\mvga\barycentric - windows\barycentric.dir\debug\barycentric.tlog\link.command.1.tlog
d:\mvga\barycentric - windows\barycentric.dir\debug\barycentric.tlog\link.read.1.tlog
d:\mvga\barycentric - windows\barycentric.dir\debug\barycentric.tlog\link.secondary.1.tlog
d:\mvga\barycentric - windows\barycentric.dir\debug\barycentric.tlog\link.write.1.tlog
